<?xml version="1.0" encoding="UTF-8"?>
<!-- Generated by org.testng.reporters.JUnitXMLReporter -->
<testsuite ignored="0" hostname="DESKTOP-MA03575" failures="0" tests="5" name="Default test" time="2.268" errors="0" timestamp="2024-03-19T09:50:42 IST">
  <testcase classname="TestNGDataProvider.TestNGwithExcel" name="testcase" time="0.024"/>
  <testcase classname="TestNGDataProvider.TestNGwithExcel" name="testcase" time="0.009"/>
  <testcase classname="TestNGDataProvider.TestNGwithExcel" name="testcase" time="0.01"/>
  <testcase classname="TestNGDataProvider.TestNGwithExcel" name="testcase" time="0.007"/>
  <testcase classname="TestNGDataProvider.TestNGwithExcel" name="testcase" time="0.006"/>
</testsuite> <!-- Default test -->
