<?xml version="1.0" encoding="UTF-8"?>
<testng-results ignored="0" total="5" passed="5" failed="0" skipped="0">
  <reporter-output>
  </reporter-output>
  <suite started-at="2024-03-19T09:50:40 IST" name="Default suite" finished-at="2024-03-19T09:50:42 IST" duration-ms="2268">
    <groups>
    </groups>
    <test started-at="2024-03-19T09:50:40 IST" name="Default test" finished-at="2024-03-19T09:50:42 IST" duration-ms="2268">
      <class name="TestNGDataProvider.TestNGwithExcel">
        <test-method signature="testcase(java.lang.String,java.lang.String,java.lang.String)[pri:0, instance:TestNGDataProvider.TestNGwithExcel@15de0b3c]" started-at="2024-03-19T09:50:42 IST" name="testcase" data-provider="testData" finished-at="2024-03-19T09:50:42 IST" duration-ms="24" status="PASS">
          <params>
            <param index="0">
              <value>
                <![CDATA[name]]>
              </value>
            </param>
            <param index="1">
              <value>
                <![CDATA[job]]>
              </value>
            </param>
            <param index="2">
              <value>
                <![CDATA[add]]>
              </value>
            </param>
          </params>
          <reporter-output>
          </reporter-output>
        </test-method> <!-- testcase -->
        <test-method signature="testcase(java.lang.String,java.lang.String,java.lang.String)[pri:0, instance:TestNGDataProvider.TestNGwithExcel@15de0b3c]" started-at="2024-03-19T09:50:42 IST" name="testcase" data-provider="testData" finished-at="2024-03-19T09:50:42 IST" duration-ms="9" status="PASS">
          <params>
            <param index="0">
              <value>
                <![CDATA[aisha]]>
              </value>
            </param>
            <param index="1">
              <value>
                <![CDATA[QA Lead]]>
              </value>
            </param>
            <param index="2">
              <value>
                <![CDATA[5]]>
              </value>
            </param>
          </params>
          <reporter-output>
          </reporter-output>
        </test-method> <!-- testcase -->
        <test-method signature="testcase(java.lang.String,java.lang.String,java.lang.String)[pri:0, instance:TestNGDataProvider.TestNGwithExcel@15de0b3c]" started-at="2024-03-19T09:50:42 IST" name="testcase" data-provider="testData" finished-at="2024-03-19T09:50:42 IST" duration-ms="10" status="PASS">
          <params>
            <param index="0">
              <value>
                <![CDATA[kamran]]>
              </value>
            </param>
            <param index="1">
              <value>
                <![CDATA[QA Analyst]]>
              </value>
            </param>
            <param index="2">
              <value>
                <![CDATA[4]]>
              </value>
            </param>
          </params>
          <reporter-output>
          </reporter-output>
        </test-method> <!-- testcase -->
        <test-method signature="testcase(java.lang.String,java.lang.String,java.lang.String)[pri:0, instance:TestNGDataProvider.TestNGwithExcel@15de0b3c]" started-at="2024-03-19T09:50:42 IST" name="testcase" data-provider="testData" finished-at="2024-03-19T09:50:42 IST" duration-ms="7" status="PASS">
          <params>
            <param index="0">
              <value>
                <![CDATA[imran]]>
              </value>
            </param>
            <param index="1">
              <value>
                <![CDATA[service engineer]]>
              </value>
            </param>
            <param index="2">
              <value>
                <![CDATA[2]]>
              </value>
            </param>
          </params>
          <reporter-output>
          </reporter-output>
        </test-method> <!-- testcase -->
        <test-method signature="testcase(java.lang.String,java.lang.String,java.lang.String)[pri:0, instance:TestNGDataProvider.TestNGwithExcel@15de0b3c]" started-at="2024-03-19T09:50:42 IST" name="testcase" data-provider="testData" finished-at="2024-03-19T09:50:42 IST" duration-ms="6" status="PASS">
          <params>
            <param index="0">
              <value>
                <![CDATA[ruhi]]>
              </value>
            </param>
            <param index="1">
              <value>
                <![CDATA[engineer]]>
              </value>
            </param>
            <param index="2">
              <value>
                <![CDATA[8]]>
              </value>
            </param>
          </params>
          <reporter-output>
          </reporter-output>
        </test-method> <!-- testcase -->
      </class> <!-- TestNGDataProvider.TestNGwithExcel -->
    </test> <!-- Default test -->
  </suite> <!-- Default suite -->
</testng-results>
